<?xml version="1.0" encoding="UTF-8"?>
<!-- Generated by org.testng.reporters.JUnitReportReporter -->
<testsuite skipped="0" hostname="Hameed" name="org.maven.TestNgParallel3" tests="2" failures="0" timestamp="24 Nov 2021 03:32:02 GMT" time="37.988" errors="0">
  <testcase name="tc01" time="16.904" classname="org.maven.TestNgParallel3"/>
  <testcase name="tc02" time="21.084" classname="org.maven.TestNgParallel3"/>
</testsuite> <!-- org.maven.TestNgParallel3 -->
