<?xml version="1.0" encoding="UTF-8"?>
<!-- Generated by org.testng.reporters.JUnitReportReporter -->
<testsuite skipped="0" hostname="Hameed" name="org.maven.TestNgParallel4" tests="2" failures="0" timestamp="24 Nov 2021 03:38:16 GMT" time="32.269" errors="0">
  <testcase name="tc02" time="16.539" classname="org.maven.TestNgParallel4"/>
  <testcase name="tc01" time="15.730" classname="org.maven.TestNgParallel4"/>
</testsuite> <!-- org.maven.TestNgParallel4 -->
