<?xml version="1.0" encoding="UTF-8"?>
<!-- Generated by org.testng.reporters.JUnitReportReporter -->
<testsuite skipped="0" hostname="Hameed" name="org.maven.Exceldate" tests="1" failures="0" timestamp="18 Nov 2021 07:33:45 GMT" time="1.073" errors="0">
  <testcase name="dateRead" time="1.073" classname="org.maven.Exceldate"/>
</testsuite> <!-- org.maven.Exceldate -->
