<?xml version="1.0" encoding="UTF-8"?>
<!-- Generated by org.testng.reporters.JUnitReportReporter -->
<testsuite skipped="0" hostname="Hameed" name="org.maven.TestNgParallel" tests="5" failures="0" timestamp="22 Nov 2021 18:44:10 GMT" time="0.150" errors="0">
  <testcase name="tc04" time="0.028" classname="org.maven.TestNgParallel"/>
  <testcase name="tc01" time="0.031" classname="org.maven.TestNgParallel"/>
  <testcase name="tc03" time="0.034" classname="org.maven.TestNgParallel"/>
  <testcase name="tc05" time="0.029" classname="org.maven.TestNgParallel"/>
  <testcase name="tc02" time="0.028" classname="org.maven.TestNgParallel"/>
</testsuite> <!-- org.maven.TestNgParallel -->
