<?xml version="1.0" encoding="UTF-8"?>
<!-- Generated by org.testng.reporters.JUnitReportReporter -->
<testsuite skipped="0" hostname="Hameed" name="org.maven.TestNgBaseClass" tests="3" failures="0" timestamp="23 Nov 2021 06:43:08 GMT" time="30.596" errors="0">
  <testcase name="tc02" time="12.156" classname="org.maven.TestNgBaseClass"/>
  <testcase name="tc03" time="4.360" classname="org.maven.TestNgBaseClass"/>
  <testcase name="tc01" time="14.080" classname="org.maven.TestNgBaseClass"/>
</testsuite> <!-- org.maven.TestNgBaseClass -->
