<?xml version="1.0" encoding="UTF-8"?>
<!-- Generated by org.testng.reporters.JUnitReportReporter -->
<testsuite skipped="0" hostname="Hameed" name="org.maven.TestNgParallel1" tests="2" failures="0" timestamp="24 Nov 2021 03:32:02 GMT" time="17.548" errors="0">
  <testcase name="tc01" time="8.925" classname="org.maven.TestNgParallel1"/>
  <testcase name="tc02" time="8.623" classname="org.maven.TestNgParallel1"/>
</testsuite> <!-- org.maven.TestNgParallel1 -->
