<?xml version="1.0" encoding="UTF-8"?>
<!-- Generated by org.testng.reporters.JUnitReportReporter -->
<testsuite skipped="0" hostname="Hameed" name="org.maven.TestngStarts" tests="2" failures="0" timestamp="16 Nov 2021 16:27:27 GMT" time="0.033" errors="0">
  <testcase name="tc04" time="0.011" classname="org.maven.TestngStarts"/>
  <testcase name="tc06" time="0.022" classname="org.maven.TestngStarts"/>
</testsuite> <!-- org.maven.TestngStarts -->
