<?xml version="1.0" encoding="UTF-8"?>
<!-- Generated by org.testng.reporters.JUnitReportReporter -->
<testsuite skipped="0" hostname="Hameed" name="org.maven.TestNgParallel2" tests="2" failures="0" timestamp="24 Nov 2021 03:38:16 GMT" time="18.589" errors="0">
  <testcase name="tc02" time="7.634" classname="org.maven.TestNgParallel2"/>
  <testcase name="tc01" time="10.955" classname="org.maven.TestNgParallel2"/>
</testsuite> <!-- org.maven.TestNgParallel2 -->
