<?xml version="1.0" encoding="UTF-8"?>
<!-- Generated by org.testng.reporters.JUnitReportReporter -->
<testsuite skipped="3" hostname="Hameed" name="org.maven.Testngday2Priorty" tests="17" failures="0" timestamp="18 Nov 2021 07:05:03 GMT" time="0.256" errors="0">
  <testcase name="tc01" time="0.024" classname="org.maven.Testngday2Priorty"/>
  <testcase name="tc02" time="0.016" classname="org.maven.Testngday2Priorty"/>
  <testcase name="tc04" time="0.003" classname="org.maven.Testngday2Priorty"/>
  <testcase name="tc04" time="0.009" classname="org.maven.Testngday2Priorty"/>
  <testcase name="tc04" time="0.016" classname="org.maven.Testngday2Priorty"/>
  <testcase name="tc04" time="0.003" classname="org.maven.Testngday2Priorty"/>
  <testcase name="tc04" time="0.003" classname="org.maven.Testngday2Priorty"/>
  <testcase name="tc04" time="0.011" classname="org.maven.Testngday2Priorty"/>
  <testcase name="tc04" time="0.002" classname="org.maven.Testngday2Priorty"/>
  <testcase name="tc04" time="0.006" classname="org.maven.Testngday2Priorty"/>
  <testcase name="tc04" time="0.147" classname="org.maven.Testngday2Priorty"/>
  <testcase name="tc04" time="0.008" classname="org.maven.Testngday2Priorty"/>
  <testcase name="tc04" time="0.006" classname="org.maven.Testngday2Priorty"/>
  <testcase name="tc04" time="0.002" classname="org.maven.Testngday2Priorty"/>
  <testcase name="tc05" classname="org.maven.Testngday2Priorty">
    <skipped/>
  </testcase> <!-- tc05 -->
  <testcase name="tc03" classname="org.maven.Testngday2Priorty">
    <skipped/>
  </testcase> <!-- tc03 -->
  <testcase name="tc06" classname="org.maven.Testngday2Priorty">
    <skipped/>
  </testcase> <!-- tc06 -->
</testsuite> <!-- org.maven.Testngday2Priorty -->
