<?xml version="1.0" encoding="UTF-8"?>
<!-- Generated by org.testng.reporters.JUnitReportReporter -->
<testsuite skipped="0" hostname="Hameed" name="org.maven.testNgDataProvider" tests="5" failures="0" timestamp="27 Nov 2021 09:13:21 GMT" time="26.634" errors="0">
  <testcase name="testing" time="5.421" classname="org.maven.testNgDataProvider"/>
  <testcase name="testing" time="6.673" classname="org.maven.testNgDataProvider"/>
  <testcase name="testing" time="4.712" classname="org.maven.testNgDataProvider"/>
  <testcase name="testing" time="4.930" classname="org.maven.testNgDataProvider"/>
  <testcase name="testing" time="4.898" classname="org.maven.testNgDataProvider"/>
</testsuite> <!-- org.maven.testNgDataProvider -->
