<?xml version="1.0" encoding="UTF-8"?>
<!-- Generated by org.testng.reporters.JUnitReportReporter -->
<testsuite skipped="0" hostname="Hameed" name="org.maven.TestNgParameter" tests="2" failures="0" timestamp="22 Nov 2021 06:12:03 GMT" time="0.402" errors="0">
  <testcase name="tc02" time="0.192" classname="org.maven.TestNgParameter"/>
  <testcase name="tc03" time="0.210" classname="org.maven.TestNgParameter"/>
</testsuite> <!-- org.maven.TestNgParameter -->
