<?xml version="1.0" encoding="UTF-8"?>
<!-- Generated by org.testng.reporters.JUnitReportReporter -->
<testsuite skipped="0" hostname="Hameed" name="org.maven.TestNgGroups" tests="8" failures="0" timestamp="21 Nov 2021 07:09:43 GMT" time="0.069" errors="0">
  <testcase name="tn10" time="0.004" classname="org.maven.TestNgGroups"/>
  <testcase name="tn01" time="0.022" classname="org.maven.TestNgGroups"/>
  <testcase name="tn06" time="0.007" classname="org.maven.TestNgGroups"/>
  <testcase name="tn08" time="0.008" classname="org.maven.TestNgGroups"/>
  <testcase name="tn02" time="0.007" classname="org.maven.TestNgGroups"/>
  <testcase name="tn09" time="0.004" classname="org.maven.TestNgGroups"/>
  <testcase name="tn03" time="0.006" classname="org.maven.TestNgGroups"/>
  <testcase name="tn04" time="0.011" classname="org.maven.TestNgGroups"/>
</testsuite> <!-- org.maven.TestNgGroups -->
