<?xml version="1.0" encoding="UTF-8"?>
<!-- Generated by org.testng.reporters.JUnitReportReporter -->
<testsuite skipped="0" hostname="Hameed" name="org.maven.Testngday2Url" tests="1" failures="0" timestamp="18 Nov 2021 07:06:32 GMT" time="3.140" errors="0">
  <testcase name="locatorfind" time="3.140" classname="org.maven.Testngday2Url"/>
</testsuite> <!-- org.maven.Testngday2Url -->
